<?xml version="1.0" encoding="UTF-8"?>
<!-- Generated by org.testng.reporters.JUnitReportReporter -->
<testsuite hostname="DESKTOP-LE9U86J" name="com.jbk.Eproc.TestCases.LoginPageTest" tests="3" failures="0" timestamp="9 Mar 2020 12:58:52 GMT" time="37.499" errors="0">
  <testcase name="loginPageLogoTest" time="12.753" classname="com.jbk.Eproc.TestCases.LoginPageTest"/>
  <testcase name="loginTest" time="12.524" classname="com.jbk.Eproc.TestCases.LoginPageTest"/>
  <testcase name="loginPageTitleTest" time="12.222" classname="com.jbk.Eproc.TestCases.LoginPageTest"/>
</testsuite> <!-- com.jbk.Eproc.TestCases.LoginPageTest -->
