<?xml version="1.0" encoding="UTF-8"?>
<!-- Generated by org.testng.reporters.JUnitReportReporter -->
<testsuite hostname="LAPTOP-O8D1T5RF" name="com.jbk.Eproc.TestBase.TestBase" tests="1" failures="0" timestamp="7 Mar 2020 11:03:26 GMT" time="40.117" errors="0">
  <testcase name="m1" time="40.117" classname="com.jbk.Eproc.TestBase.TestBase"/>
</testsuite> <!-- com.jbk.Eproc.TestBase.TestBase -->
