<?xml version="1.0" encoding="UTF-8"?>
<!-- Generated by org.testng.reporters.JUnitReportReporter -->
<testsuite hostname="DESKTOP-LE9U86J" name="com.jbk.Eproc.TestCases.LoginPageTest" tests="2" failures="0" timestamp="11 Mar 2020 09:17:20 GMT" time="26.242" errors="0">
  <testcase name="loginPageTitleTest" time="13.391" classname="com.jbk.Eproc.TestCases.LoginPageTest"/>
  <testcase name="loginPageLogoTest" time="12.851" classname="com.jbk.Eproc.TestCases.LoginPageTest"/>
</testsuite> <!-- com.jbk.Eproc.TestCases.LoginPageTest -->
