<?xml version="1.0" encoding="UTF-8"?>
<!-- Generated by org.testng.reporters.JUnitReportReporter -->
<testsuite hostname="DESKTOP-LE9U86J" name="com.jbk.Eproc.TestCases.RegistrationPageTest" tests="2" failures="0" timestamp="11 Mar 2020 09:17:20 GMT" time="24.644" errors="0">
  <testcase name="checkRegistrationPageHeaderTest" time="12.940" classname="com.jbk.Eproc.TestCases.RegistrationPageTest"/>
  <testcase name="checkRegistrationPageTitleTest" time="11.704" classname="com.jbk.Eproc.TestCases.RegistrationPageTest"/>
</testsuite> <!-- com.jbk.Eproc.TestCases.RegistrationPageTest -->
